<?xml version="1.0" encoding="UTF-8"?>
<!-- Generated by org.testng.reporters.JUnitReportReporter -->
<testsuite hostname="LAPTOP-IQ06DEC2" failures="0" tests="4" name="com.testng.BlazeDemo" time="28.313" errors="0" timestamp="2023-01-05T16:52:16 IST" skipped="0">
  <testcase classname="com.testng.BlazeDemo" name="pageOne" time="10.421"/>
  <system-out/>
  <testcase classname="com.testng.BlazeDemo" name="pageTwo" time="2.569"/>
  <system-out/>
  <testcase classname="com.testng.BlazeDemo" name="pageThree" time="15.277"/>
  <system-out/>
  <testcase classname="com.testng.BlazeDemo" name="pageFour" time="0.046"/>
  <system-out/>
</testsuite> <!-- com.testng.BlazeDemo -->
